06-Jul-2017 20:36:59.988 INFO [main] org.apache.catalina.startup.VersionLoggerListener.log Server version:        Apache Tomcat/8.5.16
06-Jul-2017 20:36:59.992 INFO [main] org.apache.catalina.startup.VersionLoggerListener.log Server built:          Jun 21 2017 17:01:09 UTC
06-Jul-2017 20:36:59.992 INFO [main] org.apache.catalina.startup.VersionLoggerListener.log Server number:         8.5.16.0
06-Jul-2017 20:36:59.992 INFO [main] org.apache.catalina.startup.VersionLoggerListener.log OS Name:               Mac OS X
06-Jul-2017 20:36:59.992 INFO [main] org.apache.catalina.startup.VersionLoggerListener.log OS Version:            10.11.6
06-Jul-2017 20:36:59.992 INFO [main] org.apache.catalina.startup.VersionLoggerListener.log Architecture:          x86_64
06-Jul-2017 20:36:59.992 INFO [main] org.apache.catalina.startup.VersionLoggerListener.log Java Home:             /Library/Java/JavaVirtualMachines/jdk1.8.0_131.jdk/Contents/Home/jre
06-Jul-2017 20:36:59.992 INFO [main] org.apache.catalina.startup.VersionLoggerListener.log JVM Version:           1.8.0_131-b11
06-Jul-2017 20:36:59.992 INFO [main] org.apache.catalina.startup.VersionLoggerListener.log JVM Vendor:            Oracle Corporation
06-Jul-2017 20:36:59.992 INFO [main] org.apache.catalina.startup.VersionLoggerListener.log CATALINA_BASE:         /Users/mainUser/Desktop/UML/Summer/AdvJava/Week8/apache-tomcat-8.5.16
06-Jul-2017 20:36:59.993 INFO [main] org.apache.catalina.startup.VersionLoggerListener.log CATALINA_HOME:         /Users/mainUser/Desktop/UML/Summer/AdvJava/Week8/apache-tomcat-8.5.16
06-Jul-2017 20:36:59.993 INFO [main] org.apache.catalina.startup.VersionLoggerListener.log Command line argument: -Djava.util.logging.config.file=/Users/mainUser/Desktop/Uml/Summer/AdvJava/Week8/apache-tomcat-8.5.16/conf/logging.properties
06-Jul-2017 20:36:59.993 INFO [main] org.apache.catalina.startup.VersionLoggerListener.log Command line argument: -Djava.util.logging.manager=org.apache.juli.ClassLoaderLogManager
06-Jul-2017 20:36:59.993 INFO [main] org.apache.catalina.startup.VersionLoggerListener.log Command line argument: -Djdk.tls.ephemeralDHKeySize=2048
06-Jul-2017 20:36:59.993 INFO [main] org.apache.catalina.startup.VersionLoggerListener.log Command line argument: -Djava.protocol.handler.pkgs=org.apache.catalina.webresources
06-Jul-2017 20:36:59.993 INFO [main] org.apache.catalina.startup.VersionLoggerListener.log Command line argument: -Dcatalina.base=/Users/mainUser/Desktop/Uml/Summer/AdvJava/Week8/apache-tomcat-8.5.16
06-Jul-2017 20:36:59.993 INFO [main] org.apache.catalina.startup.VersionLoggerListener.log Command line argument: -Dcatalina.home=/Users/mainUser/Desktop/Uml/Summer/AdvJava/Week8/apache-tomcat-8.5.16
06-Jul-2017 20:36:59.994 INFO [main] org.apache.catalina.startup.VersionLoggerListener.log Command line argument: -Djava.io.tmpdir=/Users/mainUser/Desktop/Uml/Summer/AdvJava/Week8/apache-tomcat-8.5.16/temp
06-Jul-2017 20:36:59.994 INFO [main] org.apache.catalina.core.AprLifecycleListener.lifecycleEvent The APR based Apache Tomcat Native library which allows optimal performance in production environments was not found on the java.library.path: [/Users/mainUser/Library/Java/Extensions:/Library/Java/Extensions:/Network/Library/Java/Extensions:/System/Library/Java/Extensions:/usr/lib/java:.]
06-Jul-2017 20:37:00.177 INFO [main] org.apache.coyote.AbstractProtocol.init Initializing ProtocolHandler ["http-nio-8080"]
06-Jul-2017 20:37:00.211 INFO [main] org.apache.tomcat.util.net.NioSelectorPool.getSharedSelector Using a shared selector for servlet write/read
06-Jul-2017 20:37:00.214 INFO [main] org.apache.coyote.AbstractProtocol.init Initializing ProtocolHandler ["ajp-nio-8009"]
06-Jul-2017 20:37:00.216 INFO [main] org.apache.tomcat.util.net.NioSelectorPool.getSharedSelector Using a shared selector for servlet write/read
06-Jul-2017 20:37:00.216 INFO [main] org.apache.catalina.startup.Catalina.load Initialization processed in 700 ms
06-Jul-2017 20:37:00.238 INFO [main] org.apache.catalina.core.StandardService.startInternal Starting service [Catalina]
06-Jul-2017 20:37:00.238 INFO [main] org.apache.catalina.core.StandardEngine.startInternal Starting Servlet Engine: Apache Tomcat/8.5.16
06-Jul-2017 20:37:00.246 INFO [localhost-startStop-1] org.apache.catalina.startup.HostConfig.deployDirectory Deploying web application directory [/Users/mainUser/Desktop/UML/Summer/AdvJava/Week8/apache-tomcat-8.5.16/webapps/docs]
06-Jul-2017 20:37:00.536 INFO [localhost-startStop-1] org.apache.catalina.startup.HostConfig.deployDirectory Deployment of web application directory [/Users/mainUser/Desktop/UML/Summer/AdvJava/Week8/apache-tomcat-8.5.16/webapps/docs] has finished in [291] ms
06-Jul-2017 20:37:00.536 INFO [localhost-startStop-1] org.apache.catalina.startup.HostConfig.deployDirectory Deploying web application directory [/Users/mainUser/Desktop/UML/Summer/AdvJava/Week8/apache-tomcat-8.5.16/webapps/examples]
06-Jul-2017 20:37:00.809 INFO [localhost-startStop-1] org.apache.catalina.startup.HostConfig.deployDirectory Deployment of web application directory [/Users/mainUser/Desktop/UML/Summer/AdvJava/Week8/apache-tomcat-8.5.16/webapps/examples] has finished in [273] ms
06-Jul-2017 20:37:00.810 INFO [localhost-startStop-1] org.apache.catalina.startup.HostConfig.deployDirectory Deploying web application directory [/Users/mainUser/Desktop/UML/Summer/AdvJava/Week8/apache-tomcat-8.5.16/webapps/host-manager]
06-Jul-2017 20:37:00.827 INFO [localhost-startStop-1] org.apache.catalina.startup.HostConfig.deployDirectory Deployment of web application directory [/Users/mainUser/Desktop/UML/Summer/AdvJava/Week8/apache-tomcat-8.5.16/webapps/host-manager] has finished in [17] ms
06-Jul-2017 20:37:00.827 INFO [localhost-startStop-1] org.apache.catalina.startup.HostConfig.deployDirectory Deploying web application directory [/Users/mainUser/Desktop/UML/Summer/AdvJava/Week8/apache-tomcat-8.5.16/webapps/manager]
06-Jul-2017 20:37:00.841 INFO [localhost-startStop-1] org.apache.catalina.startup.HostConfig.deployDirectory Deployment of web application directory [/Users/mainUser/Desktop/UML/Summer/AdvJava/Week8/apache-tomcat-8.5.16/webapps/manager] has finished in [14] ms
06-Jul-2017 20:37:00.842 INFO [localhost-startStop-1] org.apache.catalina.startup.HostConfig.deployDirectory Deploying web application directory [/Users/mainUser/Desktop/UML/Summer/AdvJava/Week8/apache-tomcat-8.5.16/webapps/ROOT]
06-Jul-2017 20:37:00.850 INFO [localhost-startStop-1] org.apache.catalina.startup.HostConfig.deployDirectory Deployment of web application directory [/Users/mainUser/Desktop/UML/Summer/AdvJava/Week8/apache-tomcat-8.5.16/webapps/ROOT] has finished in [8] ms
06-Jul-2017 20:37:00.852 INFO [main] org.apache.coyote.AbstractProtocol.start Starting ProtocolHandler ["http-nio-8080"]
06-Jul-2017 20:37:00.858 INFO [main] org.apache.coyote.AbstractProtocol.start Starting ProtocolHandler ["ajp-nio-8009"]
06-Jul-2017 20:37:00.859 INFO [main] org.apache.catalina.startup.Catalina.start Server startup in 642 ms
